<?xml version="1.0" encoding="UTF-8"?>
<!-- Generated by org.testng.reporters.JUnitXMLReporter -->
<testsuite hostname="MININT-UM25UFB" ignored="0" name="Dollar Days Test" tests="20" failures="0" timestamp="2020-10-05T17:13:57 EDT" time="250.88" errors="0">
  <testcase name="emailPreferences_UserEmailAddressValidation" time="14.222" classname="com.dollardays.testcases.EmailPreferencesValidationsTestCase"/>
  <testcase name="VerifyDCEditClick" time="16.765" classname="com.dollardays.testcases.DefaultPaymentMethodScript"/>
  <testcase name="ValidateTaxExemptRequiredFields" time="19.283" classname="com.dollardays.testcases.Team2TaxExemptTestCase"/>
  <testcase name="emailPreferences_Checkbox_Validation_AtPageLaunch" time="14.697" classname="com.dollardays.testcases.EmailPreferencesValidationsTestCase"/>
  <testcase name="VerifyCardVisible" time="16.068" classname="com.dollardays.testcases.DefaultPaymentMethodScript"/>
  <testcase name="ValidateTaxExemptRequiredFields" time="17.561" classname="com.dollardays.testcases.Team2TaxExemptTestCase"/>
  <testcase name="VerifyClickAddNewCard" time="16.318" classname="com.dollardays.testcases.DefaultPaymentMethodScript"/>
  <testcase name="ValidateTaxExemptRequiredFields" time="17.335" classname="com.dollardays.testcases.Team2TaxExemptTestCase"/>
  <testcase name="emailPreferences_checkbox_validation_AtClick" time="33.342" classname="com.dollardays.testcases.EmailPreferencesValidationsTestCase"/>
  <testcase name="VerifySetDefaultCard" time="16.429" classname="com.dollardays.testcases.DefaultPaymentMethodScript"/>
  <testcase name="ValidateTaxExemptRequiredFields" time="16.985" classname="com.dollardays.testcases.Team2TaxExemptTestCase"/>
  <testcase name="EmailPreferences_LinksValidation" time="16.119" classname="com.dollardays.testcases.EmailPreferencesValidationsTestCase"/>
  <testcase name="VerifyEditOnCard" time="17.583" classname="com.dollardays.testcases.DefaultPaymentMethodScript"/>
  <testcase name="ValidateTaxExemptRequiredFields" time="17.16" classname="com.dollardays.testcases.Team2TaxExemptTestCase"/>
  <testcase name="termAndConditionsPage_LinksValidation" time="21.716" classname="com.dollardays.testcases.EmailPreferencesValidationsTestCase"/>
  <testcase name="VerifyDeleteCard" time="22.636" classname="com.dollardays.testcases.DefaultPaymentMethodScript"/>
  <testcase name="ValidateTaxExemptRequiredFields" time="16.927" classname="com.dollardays.testcases.Team2TaxExemptTestCase"/>
  <testcase name="ValidateTaxExemptRequiredFields" time="16.261" classname="com.dollardays.testcases.Team2TaxExemptTestCase"/>
  <testcase name="ValidateTaxExemptRequiredFields" time="21.539" classname="com.dollardays.testcases.Team2TaxExemptTestCase"/>
  <testcase name="ValidateTaxExemptRequiredFields" time="15.652" classname="com.dollardays.testcases.Team2TaxExemptTestCase"/>
</testsuite> <!-- Dollar Days Test -->
