<?xml version="1.0" encoding="UTF-8"?>
<!-- Generated by org.testng.reporters.JUnitXMLReporter -->
<testsuite hostname="LAPTOP-ARDAERE4" ignored="0" name="Dollar Days Test" tests="1" failures="1" timestamp="2021-02-19T19:19:03 EST" time="13.942" errors="0">
  <testcase name="invokeLogin" time="1.531" classname="com.dollardays.testcases.LoginTestcase">
    <failure type="java.lang.IllegalArgumentException" message="Can not set org.openqa.selenium.remote.RemoteWebElement field com.dollardays.pages.LoginPage.signIn to com.sun.proxy.$Proxy12">
      <![CDATA[java.lang.IllegalArgumentException: Can not set org.openqa.selenium.remote.RemoteWebElement field com.dollardays.pages.LoginPage.signIn to com.sun.proxy.$Proxy12
at org.openqa.selenium.support.PageFactory.proxyFields(PageFactory.java:117)
at org.openqa.selenium.support.PageFactory.initElements(PageFactory.java:105)
at org.openqa.selenium.support.PageFactory.initElements(PageFactory.java:92)
at org.openqa.selenium.support.PageFactory.initElements(PageFactory.java:79)
at com.dollardays.pages.LoginPage.<init>(LoginPage.java:21)
at com.dollardays.testcases.LoginTestcase.invokeLogin(LoginTestcase.java:22)
at java.util.ArrayList.forEach(ArrayList.java:1259)
... Removed 31 stack frames]]>
    </failure>
  </testcase> <!-- invokeLogin -->
</testsuite> <!-- Dollar Days Test -->
