<?xml version="1.0" encoding="UTF-8"?>
<!-- Generated by org.testng.reporters.JUnitXMLReporter -->
<testsuite ignored="0" hostname="LAPTOP-ARDAERE4" failures="0" tests="6" name="Test" time="179.411" errors="0" timestamp="2021-01-21T21:17:23 EST">
  <testcase classname="com.dollardays.testcases.DefaultPaymentMethodScript" name="VerifyDCEditClick" time="18.715"/>
  <testcase classname="com.dollardays.testcases.DefaultPaymentMethodScript" name="VerifyCardVisible" time="17.361"/>
  <testcase classname="com.dollardays.testcases.DefaultPaymentMethodScript" name="VerifyClickAddNewCard" time="19.464"/>
  <testcase classname="com.dollardays.testcases.DefaultPaymentMethodScript" name="VerifySetDefaultCard" time="18.303"/>
  <testcase classname="com.dollardays.testcases.DefaultPaymentMethodScript" name="VerifyEditOnCard" time="19.094"/>
  <testcase classname="com.dollardays.testcases.DefaultPaymentMethodScript" name="VerifyDeleteCard" time="22.795"/>
</testsuite> <!-- Test -->
