<?xml version="1.0" encoding="UTF-8"?>
<!-- Generated by org.testng.reporters.JUnitXMLReporter -->
<testsuite hostname="LAPTOP-ARDAERE4" ignored="0" name="Test" tests="2" failures="0" timestamp="2021-02-12T17:42:32 EST" time="21.329" errors="0">
  <testcase name="logout_AccountPage" time="12.182" classname="com.dollardays.testcases.LogoutTestCase"/>
  <testcase name="logout_HomePage" time="0.0" classname="com.dollardays.testcases.LogoutTestCase">
    <skipped/>
  </testcase> <!-- logout_HomePage -->
</testsuite> <!-- Test -->
