<?xml version="1.0" encoding="UTF-8"?>
<testng-results skipped="0" failed="0" ignored="0" total="1" passed="1">
  <reporter-output>
  </reporter-output>
  <suite name="Suite" duration-ms="22478" started-at="2021-01-29T13:22:53 EST" finished-at="2021-01-29T13:23:16 EST">
    <groups>
    </groups>
    <test name="Dollar Days Test" duration-ms="22478" started-at="2021-01-29T13:22:53 EST" finished-at="2021-01-29T13:23:16 EST">
      <class name="com.dollardays.testcases.LoginTestcase">
        <test-method status="PASS" signature="beforeClass()[pri:0, instance:com.dollardays.testcases.LoginTestcase@7ff2a664]" name="beforeClass" is-config="true" duration-ms="75" started-at="2021-01-29T13:22:53 EST" finished-at="2021-01-29T13:22:53 EST">
          <reporter-output>
          </reporter-output>
        </test-method> <!-- beforeClass -->
        <test-method status="PASS" signature="setUpBrowser()[pri:0, instance:com.dollardays.testcases.LoginTestcase@7ff2a664]" name="setUpBrowser" is-config="true" duration-ms="6788" started-at="2021-01-29T13:22:54 EST" finished-at="2021-01-29T13:23:01 EST">
          <reporter-output>
          </reporter-output>
        </test-method> <!-- setUpBrowser -->
        <test-method status="PASS" signature="invokeLogin(java.util.Hashtable)[pri:0, instance:com.dollardays.testcases.LoginTestcase@7ff2a664]" name="invokeLogin" duration-ms="9219" started-at="2021-01-29T13:23:01 EST" data-provider="dd-dataprovider" finished-at="2021-01-29T13:23:10 EST">
          <params>
            <param index="0">
              <value>
                <![CDATA[{TestCase=Valid Login Credentials, Password=cGFzc3dvcmQxMjM=, Runmode=Yes, SheetName=Login&Logout, UserName=srikanthtesting100@gmail.com, TCID=TC1}]]>
              </value>
            </param>
          </params>
          <reporter-output>
          </reporter-output>
        </test-method> <!-- invokeLogin -->
        <test-method status="PASS" signature="quit()[pri:0, instance:com.dollardays.testcases.LoginTestcase@7ff2a664]" name="quit" is-config="true" duration-ms="5279" started-at="2021-01-29T13:23:10 EST" finished-at="2021-01-29T13:23:16 EST">
          <reporter-output>
          </reporter-output>
        </test-method> <!-- quit -->
        <test-method status="PASS" signature="afterClass()[pri:0, instance:com.dollardays.testcases.LoginTestcase@7ff2a664]" name="afterClass" is-config="true" duration-ms="0" started-at="2021-01-29T13:23:16 EST" finished-at="2021-01-29T13:23:16 EST">
          <reporter-output>
          </reporter-output>
        </test-method> <!-- afterClass -->
      </class> <!-- com.dollardays.testcases.LoginTestcase -->
    </test> <!-- Dollar Days Test -->
  </suite> <!-- Suite -->
</testng-results>
