<?xml version="1.0" encoding="UTF-8"?>
<!-- Generated by org.testng.reporters.JUnitXMLReporter -->
<testsuite hostname="LAPTOP-ARDAERE4" ignored="0" name="DD_IntegrationTest" tests="9" failures="0" timestamp="2021-02-03T19:02:39 EST" time="184.2" errors="0">
  <testcase name="validate_SubmitRequest_WebPage" time="12.637" classname="com.dollardays.testcases.SubmitRequestTest"/>
  <testcase name="validate_SubmitRequest_WebPage" time="12.57" classname="com.dollardays.testcases.SubmitRequestTest"/>
  <testcase name="validate_SubmitRequest_WebPage" time="12.632" classname="com.dollardays.testcases.SubmitRequestTest"/>
  <testcase name="validate_SubmitRequest_WebPage" time="12.264" classname="com.dollardays.testcases.SubmitRequestTest"/>
  <testcase name="validate_SubmitRequest_WebPage" time="12.075" classname="com.dollardays.testcases.SubmitRequestTest"/>
  <testcase name="validate_SubmitRequest_WebPage" time="12.538" classname="com.dollardays.testcases.SubmitRequestTest"/>
  <testcase name="invokeLogout" time="9.25" classname="com.dollardays.testcases.LogoutTestCase"/>
  <testcase name="invokeLogout" time="10.5" classname="com.dollardays.testcases.LogoutTestCase"/>
  <testcase name="invokeLogin" time="6.838" classname="com.dollardays.testcases.LoginTestcase"/>
</testsuite> <!-- DD_IntegrationTest -->
