<?xml version="1.0" encoding="UTF-8"?>
<!-- Generated by org.testng.reporters.JUnitXMLReporter -->
<testsuite hostname="LAPTOP-ARDAERE4" ignored="0" name="Dollar Days_Integration_Test" tests="30" failures="0" timestamp="2021-02-15T08:31:00 EST" time="649.154" errors="0">
  <testcase name="SubmitRequest_ExceptEmail_AllFields_Empty" time="0.0" classname="com.dollardays.testcases.SubmitRequestTestcase">
    <skipped/>
  </testcase> <!-- SubmitRequest_ExceptEmail_AllFields_Empty -->
  <testcase name="SubmitRequest_ExceptMsg_AllFields_Empty" time="0.0" classname="com.dollardays.testcases.SubmitRequestTestcase">
    <skipped/>
  </testcase> <!-- SubmitRequest_ExceptMsg_AllFields_Empty -->
  <testcase name="SubmitRequest_ExceptRequestType_AllFields_Empty" time="0.0" classname="com.dollardays.testcases.SubmitRequestTestcase">
    <skipped/>
  </testcase> <!-- SubmitRequest_ExceptRequestType_AllFields_Empty -->
  <testcase name="SubmitRequest_SubmitPage" time="0.0" classname="com.dollardays.testcases.SubmitRequestTestcase">
    <skipped/>
  </testcase> <!-- SubmitRequest_SubmitPage -->
  <testcase name="SubmitRequest_VerifyCaptcha" time="13.752" classname="com.dollardays.testcases.SubmitRequestTestcase"/>
  <testcase name="SubmitRequest_VerifyDefaultEmail_Value" time="13.469" classname="com.dollardays.testcases.SubmitRequestTestcase"/>
  <testcase name="SubmitRequest_VerifyPageHeaderMsg" time="13.436" classname="com.dollardays.testcases.SubmitRequestTestcase"/>
  <testcase name="SubmitRequest_VerifyPageHeaderTitle" time="14.068" classname="com.dollardays.testcases.SubmitRequestTestcase"/>
  <testcase name="SubmitRequest_VerifyPageloading" time="13.002" classname="com.dollardays.testcases.SubmitRequestTestcase"/>
  <testcase name="submitRequest_AllFields_Empty" time="0.0" classname="com.dollardays.testcases.SubmitRequestTestcase">
    <skipped/>
  </testcase> <!-- submitRequest_AllFields_Empty -->
  <testcase name="logout_AccountPage" time="12.766" classname="com.dollardays.testcases.LogoutTestcase"/>
  <testcase name="logout_HomePage" time="9.293" classname="com.dollardays.testcases.LogoutTestcase"/>
  <testcase name="invokeLogin" time="7.993" classname="com.dollardays.testcases.LoginTestcase"/>
  <testcase name="menu_AddItemToCart_withoutLogin" time="9.093" classname="com.dollardays.testcases.MenuTestcase"/>
  <testcase name="menu_AddItemtoCart" time="16.121" classname="com.dollardays.testcases.MenuTestcase"/>
  <testcase name="menu_ValidateSorting" time="18.938" classname="com.dollardays.testcases.MenuTestcase"/>
  <testcase name="menu_VerifyMenuItems" time="8.169" classname="com.dollardays.testcases.MenuTestcase"/>
  <testcase name="menu_VerifyShopAllBtn" time="17.59" classname="com.dollardays.testcases.MenuTestcase"/>
  <testcase name="menu_VerifySubCategories" time="16.638" classname="com.dollardays.testcases.MenuTestcase"/>
  <testcase name="menu_Verify_NoOfItemPerPage" time="23.883" classname="com.dollardays.testcases.MenuTestcase"/>
  <testcase name="menu_Verify_Paging" time="54.134" classname="com.dollardays.testcases.MenuTestcase"/>
  <testcase name="searchPageWithNavigationLinks" time="115.221" classname="com.dollardays.testcases.SearchTestcase"/>
  <testcase name="searchWithInvalidDta" time="13.429" classname="com.dollardays.testcases.SearchTestcase"/>
  <testcase name="searchWithValidDta" time="10.086" classname="com.dollardays.testcases.SearchTestcase"/>
  <testcase name="verifyDefaultSearchResult" time="10.464" classname="com.dollardays.testcases.SearchTestcase"/>
  <testcase name="verifyLeftPaneItemClick" time="10.044" classname="com.dollardays.testcases.SearchTestcase"/>
  <testcase name="verifyLeftPaneMouseHover" time="6.311" classname="com.dollardays.testcases.SearchTestcase"/>
  <testcase name="verifySearchField" time="9.044" classname="com.dollardays.testcases.SearchTestcase"/>
  <testcase name="verifySearchbyleftPane" time="9.791" classname="com.dollardays.testcases.SearchTestcase"/>
  <testcase name="verifyShowMoreProductsClick" time="9.549" classname="com.dollardays.testcases.SearchTestcase"/>
</testsuite> <!-- Dollar Days_Integration_Test -->
